{"time":"2024-07-18T15:11:47.273347457+05:00","level":"INFO","msg":"Starting the server ..."}
{"time":"2024-07-18T15:11:47.278895628+05:00","level":"INFO","msg":"server is running ","PORT":":50051"}
{"time":"2024-07-18T15:13:22.928843526+05:00","level":"INFO","msg":"Starting the server ..."}
{"time":"2024-07-18T15:13:22.934836425+05:00","level":"INFO","msg":"server is running ","PORT":":50051"}
{"time":"2024-07-18T15:30:33.204065413+05:00","level":"ERROR","msg":"maslahat bergan odamning malumotlarini olishda xatolik","error":"failed to exit idle mode: invalid target address localhost::50050, error info: address localhost::50050:443: too many colons in address"}
{"time":"2024-07-18T15:31:26.768388+05:00","level":"ERROR","msg":"maslahat bergan odamning malumotlarini olishda xatolik","error":"failed to exit idle mode: invalid target address localhost::50050, error info: address localhost::50050:443: too many colons in address"}
{"time":"2024-07-18T15:31:45.975414602+05:00","level":"ERROR","msg":"maslahat bergan odamning malumotlarini olishda xatolik","error":"failed to exit idle mode: invalid target address localhost::50050, error info: address localhost::50050:443: too many colons in address"}
{"time":"2024-07-18T15:32:05.207174058+05:00","level":"ERROR","msg":"maslahat bergan odamning malumotlarini olishda xatolik","error":"failed to exit idle mode: invalid target address localhost::50050, error info: address localhost::50050:443: too many colons in address"}
{"time":"2024-07-18T15:33:15.436203712+05:00","level":"ERROR","msg":"maslahat bergan odamning malumotlarini olishda xatolik","error":"failed to exit idle mode: invalid target address localhost::50050, error info: address localhost::50050:443: too many colons in address"}
{"time":"2024-07-18T15:34:18.580567212+05:00","level":"ERROR","msg":"maslahat bergan odamning malumotlarini olishda xatolik","error":"failed to exit idle mode: invalid target address localhost::50050, error info: address localhost::50050:443: too many colons in address"}
{"time":"2024-07-18T15:35:42.843419649+05:00","level":"ERROR","msg":"maslahat bergan odamning malumotlarini olishda xatolik","error":"failed to exit idle mode: invalid target address localhost::50050, error info: address localhost::50050:443: too many colons in address"}
{"time":"2024-07-18T15:36:02.610402966+05:00","level":"ERROR","msg":"maslahat bergan odamning malumotlarini olishda xatolik","error":"failed to exit idle mode: invalid target address localhost::50050, error info: address localhost::50050:443: too many colons in address"}
{"time":"2024-07-18T15:36:16.95592574+05:00","level":"ERROR","msg":"maslahat bergan odamning malumotlarini olishda xatolik","error":"failed to exit idle mode: invalid target address localhost::50050, error info: address localhost::50050:443: too many colons in address"}
{"time":"2024-07-18T15:36:29.124439935+05:00","level":"ERROR","msg":"maslahat bergan odamning malumotlarini olishda xatolik","error":"failed to exit idle mode: invalid target address localhost::50050, error info: address localhost::50050:443: too many colons in address"}
{"time":"2024-07-18T15:36:47.460693822+05:00","level":"ERROR","msg":"maslahat bergan odamning malumotlarini olishda xatolik","error":"failed to exit idle mode: invalid target address localhost::50050, error info: address localhost::50050:443: too many colons in address"}
{"time":"2024-07-18T15:36:48.284068578+05:00","level":"ERROR","msg":"maslahat bergan odamning malumotlarini olishda xatolik","error":"failed to exit idle mode: invalid target address localhost::50050, error info: address localhost::50050:443: too many colons in address"}
{"time":"2024-07-18T15:38:59.336049107+05:00","level":"ERROR","msg":"maslahat bergan odamning malumotlarini olishda xatolik","error":"failed to exit idle mode: invalid target address localhost::50050, error info: address localhost::50050:443: too many colons in address"}
{"time":"2024-07-18T15:46:00.797367074+05:00","level":"ERROR","msg":"maslahat bergan odamning malumotlarini olishda xatolik","error":"failed to exit idle mode: invalid target address localhost::50050, error info: address localhost::50050:443: too many colons in address"}
{"time":"2024-07-18T15:46:41.021278298+05:00","level":"ERROR","msg":"maslahat bergan odamning malumotlarini olishda xatolik","error":"failed to exit idle mode: invalid target address localhost::50050, error info: address localhost::50050:443: too many colons in address"}
{"time":"2024-07-18T15:47:24.168703969+05:00","level":"ERROR","msg":"maslahat bergan odamning malumotlarini olishda xatolik","error":"failed to exit idle mode: invalid target address localhost::50050, error info: address localhost::50050:443: too many colons in address"}
{"time":"2024-07-18T15:55:13.886579145+05:00","level":"ERROR","msg":"maslahat bergan odamning malumotlarini olishda xatolik","error":"failed to exit idle mode: invalid target address localhost::50050, error info: address localhost::50050:443: too many colons in address"}
{"time":"2024-07-18T15:56:43.59862984+05:00","level":"ERROR","msg":"maslahat bergan odamning malumotlarini olishda xatolik","error":"failed to exit idle mode: invalid target address localhost::50050, error info: address localhost::50050:443: too many colons in address"}
{"time":"2024-07-18T16:02:00.621363249+05:00","level":"ERROR","msg":"maslahat bergan odamning malumotlarini olishda xatolik","error":"failed to exit idle mode: invalid target address localhost::50050, error info: address localhost::50050:443: too many colons in address"}
{"time":"2024-07-18T16:20:43.824505051+05:00","level":"ERROR","msg":"maslahat bergan odamning malumotlarini olishda xatolik","error":"failed to exit idle mode: invalid target address localhost::50050, error info: address localhost::50050:443: too many colons in address"}
{"time":"2024-07-18T16:24:38.683105161+05:00","level":"ERROR","msg":"maslahat bergan odamning malumotlarini olishda xatolik","error":"failed to exit idle mode: invalid target address localhost::50050, error info: address localhost::50050:443: too many colons in address"}
{"time":"2024-07-18T16:36:35.005066685+05:00","level":"INFO","msg":"Starting the server ..."}
{"time":"2024-07-18T16:36:35.012194387+05:00","level":"INFO","msg":"server is running ","PORT":":50051"}
{"time":"2024-07-18T16:37:06.700437864+05:00","level":"ERROR","msg":"maslahat bergan odamning malumotlarini olishda xatolik","error":"failed to exit idle mode: invalid target address localhost::50050, error info: address localhost::50050:443: too many colons in address"}
{"time":"2024-07-18T16:39:26.371020271+05:00","level":"INFO","msg":"Starting the server ..."}
{"time":"2024-07-18T16:39:26.37787213+05:00","level":"INFO","msg":"server is running ","PORT":":50051"}
{"time":"2024-07-18T16:39:33.353979219+05:00","level":"ERROR","msg":"maslahat bergan odamning malumotlarini olishda xatolik","error":"failed to exit idle mode: invalid target address localhost::50050, error info: address localhost::50050:443: too many colons in address"}
{"time":"2024-07-18T17:06:42.12564517+05:00","level":"INFO","msg":"Starting the server ..."}
{"time":"2024-07-18T17:06:42.132226563+05:00","level":"INFO","msg":"server is running ","PORT":":50051"}
{"time":"2024-07-18T17:07:33.287130754+05:00","level":"ERROR","msg":"maslahat bergan odamning malumotlarini olishda xatolik","error":"failed to exit idle mode: invalid target address localhost::50050, error info: address localhost::50050:443: too many colons in address"}
{"time":"2024-07-18T17:08:22.283401336+05:00","level":"ERROR","msg":"maslahat bergan odamning malumotlarini olishda xatolik","error":"failed to exit idle mode: invalid target address localhost::50050, error info: address localhost::50050:443: too many colons in address"}
{"time":"2024-07-18T17:12:55.13794357+05:00","level":"INFO","msg":"Starting the server ..."}
{"time":"2024-07-18T17:12:55.142997359+05:00","level":"INFO","msg":"server is running ","PORT":":50051"}
{"time":"2024-07-18T17:13:35.165942948+05:00","level":"ERROR","msg":"maslahat bergan odamning malumotlarini olishda xatolik","error":"failed to exit idle mode: invalid target address localhost::50050, error info: address localhost::50050:443: too many colons in address"}
{"time":"2024-07-18T17:17:21.258014502+05:00","level":"ERROR","msg":"maslahat bergan odamning malumotlarini olishda xatolik","error":"failed to exit idle mode: invalid target address localhost::50050, error info: address localhost::50050:443: too many colons in address"}
{"time":"2024-07-18T20:37:48.729397298+05:00","level":"INFO","msg":"Starting the server ..."}
{"time":"2024-07-18T20:37:48.735002961+05:00","level":"INFO","msg":"server is running ","PORT":":50051"}
{"time":"2024-07-18T20:40:43.369232607+05:00","level":"ERROR","msg":"maslahat bergan odamning malumotlarini olishda xatolik","error":"failed to exit idle mode: invalid target address localhost::50050, error info: address localhost::50050:443: too many colons in address"}
{"time":"2024-07-18T21:17:32.308569463+05:00","level":"ERROR","msg":"xabar jo'natuvchini ma'lumotlarni olishda xatolik","error":"failed to exit idle mode: invalid target address localhost::50050, error info: address localhost::50050:443: too many colons in address"}
{"time":"2024-07-18T21:19:07.763139503+05:00","level":"ERROR","msg":"Xatolik hikoyalarning userlarini olishda","error":"failed to exit idle mode: invalid target address localhost::50050, error info: address localhost::50050:443: too many colons in address"}
{"time":"2024-08-18T12:29:43.176124378+05:00","level":"INFO","msg":"Starting the server ..."}
{"time":"2024-08-18T12:29:43.192379599+05:00","level":"INFO","msg":"server is running ","PORT":":50051"}
{"time":"2024-08-18T15:26:04.240408299+05:00","level":"ERROR","msg":"Sayohat rejasini yangilashda xatolik","error":"pq: invalid input syntax for type uuid: \"string\""}
{"time":"2024-08-18T17:13:36.847045759+05:00","level":"INFO","msg":"Starting the server ..."}
{"time":"2024-08-18T17:13:36.853007123+05:00","level":"INFO","msg":"server is running ","PORT":":50051"}
{"time":"2024-08-18T17:14:33.306783073+05:00","level":"ERROR","msg":"Sayohat manzili haqaida malumot olishda xatolik","error":"pq: invalid input syntax for type uuid: \"asdfasdf\""}
